deployment.apps/task1-deployment scaled
deployment.apps/task2-deployment scaled
deployment.apps/task3-deployment scaled
deployment "task1-deployment" successfully rolled out
deployment "task2-deployment" successfully rolled out
deployment "task3-deployment" successfully rolled out
[2026-02-26 02:10:59,041] Nadirs-MacBook-Pro/INFO/locust.main: Starting Locust 2.43.3
[2026-02-26 02:10:59,042] Nadirs-MacBook-Pro/INFO/locust.main: Run time limit set to 2400 seconds
Type     Name                                                                          # reqs      # fails |    Avg     Min     Max    Med |   req/s  failures/s
--------|----------------------------------------------------------------------------|-------|-------------|-------|-------|-------|-------|--------|-----------
--------|----------------------------------------------------------------------------|-------|-------------|-------|-------|-------|-------|--------|-----------
         Aggregated                                                                         0     0(0.00%) |      0       0       0      0 |    0.00        0.00

Traceback (most recent call last):
  File "src/gevent/greenlet.py", line 900, in gevent._gevent_cgreenlet.Greenlet.run
  File "/Users/nadirhussain/.pyenv/versions/3.12.0/lib/python3.12/site-packages/locust/input_events.py", line 101, in input_listener_func
    poller = get_poller()
             ^^^^^^^^^^^^
  File "/Users/nadirhussain/.pyenv/versions/3.12.0/lib/python3.12/site-packages/locust/input_events.py", line 95, in get_poller
    return UnixKeyPoller()
           ^^^^^^^^^^^^^^^
  File "/Users/nadirhussain/.pyenv/versions/3.12.0/lib/python3.12/site-packages/locust/input_events.py", line 36, in __init__
    tty.setcbreak(self.stdin, termios.TCSANOW)
  File "/Users/nadirhussain/.pyenv/versions/3.12.0/lib/python3.12/tty.py", line 73, in setcbreak
    tcsetattr(fd, when, new)
termios.error: (4, 'Interrupted system call')
2026-02-26T05:14:15Z <Greenlet at 0x103d5eac0: input_listener_func> failed with error

[2026-02-26 06:14:15,900] Nadirs-MacBook-Pro/INFO/locust.runners: Ramping to 1 users at a rate of 100.00 per second
[2026-02-26 06:14:15,902] Nadirs-MacBook-Pro/INFO/locust.runners: All users spawned: {"ApiUser": 1} (1 total users)
[2026-02-26 06:14:15,903] Nadirs-MacBook-Pro/CRITICAL/locust.main: Unhandled exception in greenlet: <Greenlet at 0x103d5eac0: input_listener_func>
Traceback (most recent call last):
  File "src/gevent/greenlet.py", line 900, in gevent._gevent_cgreenlet.Greenlet.run
  File "/Users/nadirhussain/.pyenv/versions/3.12.0/lib/python3.12/site-packages/locust/input_events.py", line 101, in input_listener_func
    poller = get_poller()
    ^^^^^^^^^^^^^^^^^
  File "/Users/nadirhussain/.pyenv/versions/3.12.0/lib/python3.12/site-packages/locust/input_events.py", line 95, in get_poller
    return UnixKeyPoller()
    ^^^^^^^^^^^^^^^^^
  File "/Users/nadirhussain/.pyenv/versions/3.12.0/lib/python3.12/site-packages/locust/input_events.py", line 36, in __init__
    tty.setcbreak(self.stdin, termios.TCSANOW)
    ^^^^^^^^^^^^^^^^^
  File "/Users/nadirhussain/.pyenv/versions/3.12.0/lib/python3.12/tty.py", line 73, in setcbreak
    tcsetattr(fd, when, new)
      ^^^^^^^^^^^^^^^^^
termios.error: (4, 'Interrupted system call')
Type     Name                                                                          # reqs      # fails |    Avg     Min     Max    Med |   req/s  failures/s
--------|----------------------------------------------------------------------------|-------|-------------|-------|-------|-------|-------|--------|-----------
--------|----------------------------------------------------------------------------|-------|-------------|-------|-------|-------|-------|--------|-----------
         Aggregated                                                                         0     0(0.00%) |      0       0       0      0 |    0.00        0.00

[2026-02-26 06:14:15,914] Nadirs-MacBook-Pro/INFO/locust.main: --run-time limit reached, shutting down
[2026-02-26 06:14:15,934] Nadirs-MacBook-Pro/INFO/locust.main: Shutting down (exit code 2)
Type     Name                                                                          # reqs      # fails |    Avg     Min     Max    Med |   req/s  failures/s
--------|----------------------------------------------------------------------------|-------|-------------|-------|-------|-------|-------|--------|-----------
--------|----------------------------------------------------------------------------|-------|-------------|-------|-------|-------|-------|--------|-----------
         Aggregated                                                                         0     0(0.00%) |      0       0       0      0 |    0.00        0.00

Response time percentiles (approximated)
Type     Name                                                                                  50%    66%    75%    80%    90%    95%    98%    99%  99.9% 99.99%   100% # reqs
--------|--------------------------------------------------------------------------------|--------|------|------|------|------|------|------|------|------|------|------|------
--------|--------------------------------------------------------------------------------|--------|------|------|------|------|------|------|------|------|------|------|------

